I 1 4665.997889020
L 0 2 1 0.257565243 104 4
L 0 3 1 0.257570243 103 4
L 0 4 1 0.257570794 102 4
L 0 5 1 0.257571254 101 4
L 0 6 1 0.257571645 100 4
L 0 7 1 0.257572076 99 4
L 0 8 1 0.257572507 98 4
L 0 9 1 0.257572948 97 4
L 0 10 1 0.257573318 96 4
L 0 11 1 0.257573759 95 4
L 0 12 1 0.257574190 94 4
L 0 13 1 0.257574611 93 4
L 0 14 1 0.257574981 92 4
L 0 15 1 0.257575342 91 4
L 0 16 1 0.257575733 90 4
L 0 17 1 0.257576104 89 4
L 0 18 1 0.257576474 88 4
L 0 19 1 0.257576855 87 4
L 0 20 1 0.257577216 86 4
L 0 21 1 0.257577576 85 4
L 0 22 1 0.257577947 84 4
L 0 23 1 0.257578318 83 4
L 0 24 1 0.257578678 82 4
L 0 25 1 0.257579049 81 4
L 0 26 1 0.257579430 80 4
L 0 27 1 0.257579801 79 4
L 0 28 1 0.257580211 78 4
L 0 29 1 0.257580592 77 4
L 0 30 1 0.257580963 76 4
L 0 31 1 0.257581333 75 4
L 0 32 1 0.257581714 74 4
L 0 33 1 0.257582105 73 4
L 0 34 1 0.257582506 72 4
L 0 35 1 0.257582886 71 4
L 0 36 1 0.257583267 70 4
L 0 37 1 0.257583658 69 4
L 0 38 1 0.257584048 68 4
L 0 39 1 0.257584439 67 4
L 0 40 1 0.257584830 66 4
L 0 41 1 0.257585211 65 4
L 0 42 1 0.257585601 64 4
L 0 43 1 0.257585982 63 4
L 0 44 1 0.257586363 62 4
L 0 45 1 0.257586744 61 4
L 0 46 1 0.257587124 60 4
L 0 47 1 0.257587515 59 4
L 0 48 1 0.257599167 58 4
L 0 49 1 0.257599588 57 4
L 0 50 1 0.257599968 56 4
L 0 51 1 0.257600349 55 4
L 0 52 1 0.257600740 54 4
L 0 53 1 0.257601121 53 4
L 0 54 1 0.257601511 52 4
L 0 55 1 0.257601902 51 4
L 0 56 1 0.257602293 50 4
L 0 57 1 0.257602673 49 4
L 0 58 1 0.257603064 48 4
L 0 59 1 0.257603445 47 4
L 0 60 1 0.257603836 46 4
L 0 61 1 0.257604216 45 4
L 0 62 1 0.257604607 44 4
L 0 63 1 0.257604998 43 4
L 0 64 1 0.257605379 42 4
L 0 65 1 0.257605759 41 4
L 0 66 1 0.257606150 40 4
L 0 67 1 0.257606541 39 4
L 0 68 1 0.257606931 38 4
L 0 69 1 0.257607312 37 4
L 0 70 1 0.257607703 36 4
L 0 71 1 0.257608094 35 4
L 0 72 1 0.257608474 34 4
L 0 73 1 0.257608855 33 4
L 0 74 1 0.257609246 32 4
L 0 75 1 0.257609626 31 4
L 0 76 1 0.257609997 30 4
L 0 77 1 0.257610378 29 4
L 0 78 1 0.257610759 28 4
L 0 79 1 0.257611139 27 4
L 0 80 1 0.257611520 26 4
L 0 81 1 0.257611901 25 4
L 0 82 1 0.257612281 24 4
L 0 83 1 0.257612662 23 4
L 0 84 1 0.257613043 22 4
L 0 85 1 0.257613414 21 4
L 0 86 1 0.257613784 20 4
L 0 87 1 0.257614165 19 4
L 0 88 1 0.257614546 18 4
L 0 89 1 0.257614926 17 4
L 0 90 1 0.257615307 16 4
L 0 91 1 0.257615688 15 4
L 0 92 1 0.257616059 14 4
L 0 93 1 0.257616439 13 4
L 0 94 1 0.257616810 12 4
L 0 95 1 0.257617191 11 4
L 0 96 1 0.257617571 10 4
L 0 97 1 0.257617942 9 4
L 0 98 1 0.257618313 8 4
L 0 99 1 0.257618683 7 4
L 0 100 1 0.257619044 6 4
L 0 101 1 0.257619415 5 4
L 0 102 1 0.257619755 4 4
L 0 103 1 0.257620106 3 4
L 0 104 1 0.257620457 2 4
L 0 105 1 0.257620817 1 4
F 106 4765.532863777 99.534974757
